生成启动时间为 2014-6-14 9:52:40。
     1>项目“E:\01-work\10-就业班0529\day11\结构体配置文件读写\结构体配置文件读写\结构体配置文件读写.vcxproj”在节点 2 上(build 个目标)。
     1>InitializeBuildStatus:
         正在对“Debug\结构体配置文件读写.unsuccessfulbuild”执行 Touch 任务。
       ClCompile:
         C:\Program Files\Microsoft Visual Studio 10.0\VC\bin\CL.exe /c /ZI /nologo /W3 /WX- /Od /Oy- /D WIN32 /D _DEBUG /D _CONSOLE /D _UNICODE /D UNICODE /Gm /EHsc /RTC1 /MDd /GS /fp:precise /Zc:wchar_t /Zc:forScope /Fo"Debug\\" /Fd"Debug\vc100.pdb" /Gd /TC /analyze- /errorReport:prompt test_interface.c
         test_interface.c
     1>e:\01-work\10-就业班0529\day11\结构体配置文件读写\结构体配置文件读写\test_interface.c(31): warning C4102: “End”: 未引用的标签
     1>e:\01-work\10-就业班0529\day11\结构体配置文件读写\结构体配置文件读写\test_interface.c(42): warning C4102: “End”: 未引用的标签
     1>e:\01-work\10-就业班0529\day11\结构体配置文件读写\结构体配置文件读写\test_interface.c(55): warning C4996: 'scanf': This function or variable may be unsafe. Consider using scanf_s instead. To disable deprecation, use _CRT_SECURE_NO_WARNINGS. See online help for details.
                 c:\program files\microsoft visual studio 10.0\vc\include\stdio.h(304) : 参见“scanf”的声明
     1>e:\01-work\10-就业班0529\day11\结构体配置文件读写\结构体配置文件读写\test_interface.c(69): warning C4102: “End”: 未引用的标签
     1>e:\01-work\10-就业班0529\day11\结构体配置文件读写\结构体配置文件读写\test_interface.c(43): warning C4700: 使用了未初始化的局部变量“rv”
       ManifestResourceCompile:
         所有输出均为最新。
       Link:
         C:\Program Files\Microsoft Visual Studio 10.0\VC\bin\link.exe /ERRORREPORT:PROMPT /OUT:"E:\01-work\10-就业班0529\day11\结构体配置文件读写\Debug\结构体配置文件读写.exe" /INCREMENTAL /NOLOGO kernel32.lib user32.lib gdi32.lib winspool.lib comdlg32.lib advapi32.lib shell32.lib ole32.lib oleaut32.lib uuid.lib odbc32.lib odbccp32.lib /MANIFEST /ManifestFile:"Debug\结构体配置文件读写.exe.intermediate.manifest" /MANIFESTUAC:"level='asInvoker' uiAccess='false'" /DEBUG /PDB:"E:\01-work\10-就业班0529\day11\结构体配置文件读写\Debug\结构体配置文件读写.pdb" /SUBSYSTEM:CONSOLE /TLBID:1 /DYNAMICBASE /NXCOMPAT /IMPLIB:"E:\01-work\10-就业班0529\day11\结构体配置文件读写\Debug\结构体配置文件读写.lib" /MACHINE:X86 "Debug\结构体配置文件读写.exe.embed.manifest.res"
         Debug\cfg_op.obj
         Debug\myop.obj
         Debug\test_interface.obj
       Manifest:
         C:\Program Files\Microsoft SDKs\Windows\v7.0A\bin\mt.exe /nologo /verbose /out:"Debug\结构体配置文件读写.exe.embed.manifest" /manifest "Debug\结构体配置文件读写.exe.intermediate.manifest"
         所有输出均为最新。
       LinkEmbedManifest:
         所有输出均为最新。
         结构体配置文件读写.vcxproj -> E:\01-work\10-就业班0529\day11\结构体配置文件读写\Debug\结构体配置文件读写.exe
       FinalizeBuildStatus:
         正在删除文件“Debug\结构体配置文件读写.unsuccessfulbuild”。
         正在对“Debug\结构体配置文件读写.lastbuildstate”执行 Touch 任务。
     1>已完成生成项目“E:\01-work\10-就业班0529\day11\结构体配置文件读写\结构体配置文件读写\结构体配置文件读写.vcxproj”(build 个目标)的操作。

生成成功。

已用时间 00:00:00.76
