生成启动时间为 2014-6-20 16:01:42。
     1>项目“E:\01-work\10-就业班0529\day15\课堂操练\课堂操练\课堂操练.vcxproj”在节点 2 上(build 个目标)。
     1>InitializeBuildStatus:
         正在创建“Debug\课堂操练.unsuccessfulbuild”，因为已指定“AlwaysCreate”。
       ClCompile:
         C:\Program Files\Microsoft Visual Studio 10.0\VC\bin\CL.exe /c /ZI /nologo /W3 /WX- /Od /Oy- /D _UNICODE /D UNICODE /Gm /EHsc /RTC1 /MDd /GS /fp:precise /Zc:wchar_t /Zc:forScope /Fo"Debug\\" /Fd"Debug\vc100.pdb" /Gd /TP /analyze- /errorReport:prompt Mainclass.cpp MySocket1.cpp
         Mainclass.cpp
     1>e:\01-work\10-就业班0529\day15\课堂操练\课堂操练\mainclass.cpp(28): warning C4996: 'strcpy': This function or variable may be unsafe. Consider using strcpy_s instead. To disable deprecation, use _CRT_SECURE_NO_WARNINGS. See online help for details.
                 c:\program files\microsoft visual studio 10.0\vc\include\string.h(105) : 参见“strcpy”的声明
         正在生成代码...
         正在跳过...(未检测到相关更改)
         MySocket1.cpp
       Link:
         C:\Program Files\Microsoft Visual Studio 10.0\VC\bin\link.exe /ERRORREPORT:PROMPT /OUT:"E:\01-work\10-就业班0529\day15\课堂操练\Debug\课堂操练.exe" /NOLOGO kernel32.lib user32.lib gdi32.lib winspool.lib comdlg32.lib advapi32.lib shell32.lib ole32.lib oleaut32.lib uuid.lib odbc32.lib odbccp32.lib /MANIFEST /ManifestFile:"Debug\课堂操练.exe.intermediate.manifest" /MANIFESTUAC:"level='asInvoker' uiAccess='false'" /DEBUG /PDB:"E:\01-work\10-就业班0529\day15\课堂操练\Debug\课堂操练.pdb" /TLBID:1 /DYNAMICBASE /NXCOMPAT /IMPLIB:"E:\01-work\10-就业班0529\day15\课堂操练\Debug\课堂操练.lib" /MACHINE:X86 Debug\Mainclass.obj
         Debug\MySocket1.obj
         LINK : 没有找到 E:\01-work\10-就业班0529\day15\课堂操练\Debug\课堂操练.exe 或上一个增量链接没有生成它；正在执行完全链接
         课堂操练.vcxproj -> E:\01-work\10-就业班0529\day15\课堂操练\Debug\课堂操练.exe
       Manifest:
         C:\Program Files\Microsoft SDKs\Windows\v7.0A\bin\mt.exe /nologo /verbose /outputresource:"E:\01-work\10-就业班0529\day15\课堂操练\Debug\课堂操练.exe;#1" /manifest "Debug\课堂操练.exe.intermediate.manifest"
       FinalizeBuildStatus:
         正在删除文件“Debug\课堂操练.unsuccessfulbuild”。
         正在对“Debug\课堂操练.lastbuildstate”执行 Touch 任务。
     1>已完成生成项目“E:\01-work\10-就业班0529\day15\课堂操练\课堂操练\课堂操练.vcxproj”(build 个目标)的操作。

生成成功。

已用时间 00:00:01
